(venv02) vc-forecr@nvidia-xavier-nx:~/ximea-opencv/venv02/temp$ /usr/bin/python2 check.py

General configuration for OpenCV 4.4.0 =====================================
  Version control:               unknown

  Extra modules:
    Location (extra):            /home/nvidia/opencv_contrib-4.4.0/modules
    Version control (extra):     unknown

  Platform:
    Timestamp:                   2021-09-24T11:02:52Z
    Host:                        Linux 4.9.253-tegra aarch64
    CMake:                       3.10.2
    CMake generator:             Unix Makefiles
    CMake build tool:            /usr/bin/make
    Configuration:               RELEASE

  CPU/HW features:
    Baseline:                    NEON FP16
      required:                  NEON
      disabled:                  VFPV3

  C/C++:
    Built as dynamic libs?:      YES
    C++ standard:                11
    C++ Compiler:                /usr/bin/c++  (ver 7.5.0)
    C++ flags (Release):         -fsigned-char -W -Wall -Werror=return-type -Werror=non-virtual-dtor -Werror=address -Werror=sequence-point -Wformat -Werror=format-security -Wmissing-declarations -Wundef -Winit-self -Wpointer-arith -Wshadow -Wsign-promo -Wuninitialized -Winit-self -Wsuggest-override -Wno-delete-non-virtual-dtor -Wno-comment -Wimplicit-fallthrough=3 -Wno-strict-overflow -fdiagnostics-show-option -pthread -fomit-frame-pointer -ffunction-sections -fdata-sections    -fvisibility=hidden -fvisibility-inlines-hidden -O3 -DNDEBUG  -DNDEBUG
    C++ flags (Debug):           -fsigned-char -W -Wall -Werror=return-type -Werror=non-virtual-dtor -Werror=address -Werror=sequence-point -Wformat -Werror=format-security -Wmissing-declarations -Wundef -Winit-self -Wpointer-arith -Wshadow -Wsign-promo -Wuninitialized -Winit-self -Wsuggest-override -Wno-delete-non-virtual-dtor -Wno-comment -Wimplicit-fallthrough=3 -Wno-strict-overflow -fdiagnostics-show-option -pthread -fomit-frame-pointer -ffunction-sections -fdata-sections    -fvisibility=hidden -fvisibility-inlines-hidden -g  -O0 -DDEBUG -D_DEBUG
    C Compiler:                  /usr/bin/cc
    C flags (Release):           -fsigned-char -W -Wall -Werror=return-type -Werror=address -Werror=sequence-point -Wformat -Werror=format-security -Wmissing-declarations -Wmissing-prototypes -Wstrict-prototypes -Wundef -Winit-self -Wpointer-arith -Wshadow -Wuninitialized -Winit-self -Wno-comment -Wimplicit-fallthrough=3 -Wno-strict-overflow -fdiagnostics-show-option -pthread -fomit-frame-pointer -ffunction-sections -fdata-sections    -fvisibility=hidden -O3 -DNDEBUG  -DNDEBUG
    C flags (Debug):             -fsigned-char -W -Wall -Werror=return-type -Werror=address -Werror=sequence-point -Wformat -Werror=format-security -Wmissing-declarations -Wmissing-prototypes -Wstrict-prototypes -Wundef -Winit-self -Wpointer-arith -Wshadow -Wuninitialized -Winit-self -Wno-comment -Wimplicit-fallthrough=3 -Wno-strict-overflow -fdiagnostics-show-option -pthread -fomit-frame-pointer -ffunction-sections -fdata-sections    -fvisibility=hidden -g  -O0 -DDEBUG -D_DEBUG
    Linker flags (Release):      -Wl,--gc-sections -Wl,--as-needed  
    Linker flags (Debug):        -Wl,--gc-sections -Wl,--as-needed  
    ccache:                      NO
    Precompiled headers:         NO
    Extra dependencies:          m pthread cudart_static -lpthread dl rt nppc nppial nppicc nppicom nppidei nppif nppig nppim nppist nppisu nppitc npps cublas cudnn cufft -L/usr/local/cuda-10.2/lib64 -L/usr/lib/aarch64-linux-gnu
    3rdparty dependencies:

  OpenCV modules:
    To be built:                 alphamat aruco bgsegm bioinspired calib3d ccalib core cudaarithm cudabgsegm cudacodec cudafeatures2d cudafilters cudaimgproc cudalegacy cudaobjdetect cudaoptflow cudastereo cudawarping cudev datasets dnn dnn_objdetect dnn_superres dpm face features2d flann freetype fuzzy gapi hdf hfs highgui img_hash imgcodecs imgproc intensity_transform line_descriptor ml objdetect optflow phase_unwrapping photo plot python2 python3 quality rapid reg rgbd saliency shape stereo stitching structured_light superres surface_matching text tracking video videoio videostab xfeatures2d ximgproc xobjdetect xphoto
    Disabled:                    sfm world
    Disabled by dependency:      -
    Unavailable:                 cnn_3dobj cvv java js julia matlab ovis ts viz
    Applications:                apps
    Documentation:               NO
    Non-free algorithms:         NO

  GUI: 
    GTK+:                        YES (ver 3.22.30)
      GThread :                  YES (ver 2.56.4)
      GtkGlExt:                  NO
    VTK support:                 NO

  Media I/O: 
    ZLib:                        /usr/lib/aarch64-linux-gnu/libz.so (ver 1.2.11)
    JPEG:                        /usr/lib/aarch64-linux-gnu/libjpeg.so (ver 80)
    WEBP:                        build (ver encoder: 0x020f)
    PNG:                         /usr/lib/aarch64-linux-gnu/libpng.so (ver 1.6.34)
    TIFF:                        /usr/lib/aarch64-linux-gnu/libtiff.so (ver 42 / 4.0.9)
    JPEG 2000:                   build Jasper (ver 1.900.1)
    OpenEXR:                     build (ver 2.3.0)
    HDR:                         YES
    SUNRASTER:                   YES
    PXM:                         YES
    PFM:                         YES

  Video I/O:
    DC1394:                      YES (2.2.5)
    FFMPEG:                      YES
      avcodec:                   YES (57.107.100)
      avformat:                  YES (57.83.100)
      avutil:                    YES (55.78.100)
      swscale:                   YES (4.8.100)
      avresample:                YES (3.7.0)
    GStreamer:                   YES (1.14.5)
    v4l/v4l2:                    YES (linux/videodev2.h)

  Parallel framework:            pthreads

  Trace:                         YES (with Intel ITT)

  Other third-party libraries:
    Lapack:                      NO
    Eigen:                       YES (ver 3.3.4)
    Custom HAL:                  YES (carotene (ver 0.0.1))
    Protobuf:                    build (3.5.1)

  NVIDIA CUDA:                   YES (ver 10.2, CUFFT CUBLAS)
    NVIDIA GPU arch:             53 62 72
    NVIDIA PTX archs:

  cuDNN:                         YES (ver 8.2.1)

  OpenCL:                        YES (no extra features)
    Include path:                /home/nvidia/opencv-4.4.0/3rdparty/include/opencl/1.2
    Link libraries:              Dynamic load

  Python 2:
    Interpreter:                 /usr/bin/python2.7 (ver 2.7.17)
    Libraries:                   /usr/lib/aarch64-linux-gnu/libpython2.7.so (ver 2.7.17)
    numpy:                       /usr/lib/python2.7/dist-packages/numpy/core/include (ver 1.13.3)
    install path:                lib/python2.7/dist-packages/cv2/python-2.7

  Python 3:
    Interpreter:                 /usr/bin/python3 (ver 3.6.9)
    Libraries:                   /usr/lib/aarch64-linux-gnu/libpython3.6m.so (ver 3.6.9)
    numpy:                       /usr/lib/python3/dist-packages/numpy/core/include (ver 1.13.3)
    install path:                lib/python3.6/dist-packages/cv2/python-3.6

  Python (for build):            /usr/bin/python2.7

  Java:                          
    ant:                         NO
    JNI:                         NO
    Java wrappers:               NO
    Java tests:                  NO

  Install to:                    /usr/local
-----------------------------------------------------------------


('number of CUDA-devices: ', 1)
(venv02) vc-forecr@nvidia-xavier-nx:~/ximea-opencv/venv02/temp$ 
-bash: disable: command not found
(venv02) vc-forecr@nvidia-xavier-nx:~/ximea-opencv/venv02/temp$ deactivate
vc-forecr@nvidia-xavier-nx:~/ximea-opencv/venv02/temp$ python check.py

General configuration for OpenCV 4.4.0 =====================================
  Version control:               unknown

  Extra modules:
    Location (extra):            /home/nvidia/opencv_contrib-4.4.0/modules
    Version control (extra):     unknown

  Platform:
    Timestamp:                   2021-09-24T11:02:52Z
    Host:                        Linux 4.9.253-tegra aarch64
    CMake:                       3.10.2
    CMake generator:             Unix Makefiles
    CMake build tool:            /usr/bin/make
    Configuration:               RELEASE

  CPU/HW features:
    Baseline:                    NEON FP16
      required:                  NEON
      disabled:                  VFPV3

  C/C++:
    Built as dynamic libs?:      YES
    C++ standard:                11
    C++ Compiler:                /usr/bin/c++  (ver 7.5.0)
    C++ flags (Release):         -fsigned-char -W -Wall -Werror=return-type -Werror=non-virtual-dtor -Werror=address -Werror=sequence-point -Wformat -Werror=format-security -Wmissing-declarations -Wundef -Winit-self -Wpointer-arith -Wshadow -Wsign-promo -Wuninitialized -Winit-self -Wsuggest-override -Wno-delete-non-virtual-dtor -Wno-comment -Wimplicit-fallthrough=3 -Wno-strict-overflow -fdiagnostics-show-option -pthread -fomit-frame-pointer -ffunction-sections -fdata-sections    -fvisibility=hidden -fvisibility-inlines-hidden -O3 -DNDEBUG  -DNDEBUG
    C++ flags (Debug):           -fsigned-char -W -Wall -Werror=return-type -Werror=non-virtual-dtor -Werror=address -Werror=sequence-point -Wformat -Werror=format-security -Wmissing-declarations -Wundef -Winit-self -Wpointer-arith -Wshadow -Wsign-promo -Wuninitialized -Winit-self -Wsuggest-override -Wno-delete-non-virtual-dtor -Wno-comment -Wimplicit-fallthrough=3 -Wno-strict-overflow -fdiagnostics-show-option -pthread -fomit-frame-pointer -ffunction-sections -fdata-sections    -fvisibility=hidden -fvisibility-inlines-hidden -g  -O0 -DDEBUG -D_DEBUG
    C Compiler:                  /usr/bin/cc
    C flags (Release):           -fsigned-char -W -Wall -Werror=return-type -Werror=address -Werror=sequence-point -Wformat -Werror=format-security -Wmissing-declarations -Wmissing-prototypes -Wstrict-prototypes -Wundef -Winit-self -Wpointer-arith -Wshadow -Wuninitialized -Winit-self -Wno-comment -Wimplicit-fallthrough=3 -Wno-strict-overflow -fdiagnostics-show-option -pthread -fomit-frame-pointer -ffunction-sections -fdata-sections    -fvisibility=hidden -O3 -DNDEBUG  -DNDEBUG
    C flags (Debug):             -fsigned-char -W -Wall -Werror=return-type -Werror=address -Werror=sequence-point -Wformat -Werror=format-security -Wmissing-declarations -Wmissing-prototypes -Wstrict-prototypes -Wundef -Winit-self -Wpointer-arith -Wshadow -Wuninitialized -Winit-self -Wno-comment -Wimplicit-fallthrough=3 -Wno-strict-overflow -fdiagnostics-show-option -pthread -fomit-frame-pointer -ffunction-sections -fdata-sections    -fvisibility=hidden -g  -O0 -DDEBUG -D_DEBUG
    Linker flags (Release):      -Wl,--gc-sections -Wl,--as-needed  
    Linker flags (Debug):        -Wl,--gc-sections -Wl,--as-needed  
    ccache:                      NO
    Precompiled headers:         NO
    Extra dependencies:          m pthread cudart_static -lpthread dl rt nppc nppial nppicc nppicom nppidei nppif nppig nppim nppist nppisu nppitc npps cublas cudnn cufft -L/usr/local/cuda-10.2/lib64 -L/usr/lib/aarch64-linux-gnu
    3rdparty dependencies:

  OpenCV modules:
    To be built:                 alphamat aruco bgsegm bioinspired calib3d ccalib core cudaarithm cudabgsegm cudacodec cudafeatures2d cudafilters cudaimgproc cudalegacy cudaobjdetect cudaoptflow cudastereo cudawarping cudev datasets dnn dnn_objdetect dnn_superres dpm face features2d flann freetype fuzzy gapi hdf hfs highgui img_hash imgcodecs imgproc intensity_transform line_descriptor ml objdetect optflow phase_unwrapping photo plot python2 python3 quality rapid reg rgbd saliency shape stereo stitching structured_light superres surface_matching text tracking video videoio videostab xfeatures2d ximgproc xobjdetect xphoto
    Disabled:                    sfm world
    Disabled by dependency:      -
    Unavailable:                 cnn_3dobj cvv java js julia matlab ovis ts viz
    Applications:                apps
    Documentation:               NO
    Non-free algorithms:         NO

  GUI: 
    GTK+:                        YES (ver 3.22.30)
      GThread :                  YES (ver 2.56.4)
      GtkGlExt:                  NO
    VTK support:                 NO

  Media I/O: 
    ZLib:                        /usr/lib/aarch64-linux-gnu/libz.so (ver 1.2.11)
    JPEG:                        /usr/lib/aarch64-linux-gnu/libjpeg.so (ver 80)
    WEBP:                        build (ver encoder: 0x020f)
    PNG:                         /usr/lib/aarch64-linux-gnu/libpng.so (ver 1.6.34)
    TIFF:                        /usr/lib/aarch64-linux-gnu/libtiff.so (ver 42 / 4.0.9)
    JPEG 2000:                   build Jasper (ver 1.900.1)
    OpenEXR:                     build (ver 2.3.0)
    HDR:                         YES
    SUNRASTER:                   YES
    PXM:                         YES
    PFM:                         YES

  Video I/O:
    DC1394:                      YES (2.2.5)
    FFMPEG:                      YES
      avcodec:                   YES (57.107.100)
      avformat:                  YES (57.83.100)
      avutil:                    YES (55.78.100)
      swscale:                   YES (4.8.100)
      avresample:                YES (3.7.0)
    GStreamer:                   YES (1.14.5)
    v4l/v4l2:                    YES (linux/videodev2.h)

  Parallel framework:            pthreads

  Trace:                         YES (with Intel ITT)

  Other third-party libraries:
    Lapack:                      NO
    Eigen:                       YES (ver 3.3.4)
    Custom HAL:                  YES (carotene (ver 0.0.1))
    Protobuf:                    build (3.5.1)

  NVIDIA CUDA:                   YES (ver 10.2, CUFFT CUBLAS)
    NVIDIA GPU arch:             53 62 72
    NVIDIA PTX archs:

  cuDNN:                         YES (ver 8.2.1)

  OpenCL:                        YES (no extra features)
    Include path:                /home/nvidia/opencv-4.4.0/3rdparty/include/opencl/1.2
    Link libraries:              Dynamic load

  Python 2:
    Interpreter:                 /usr/bin/python2.7 (ver 2.7.17)
    Libraries:                   /usr/lib/aarch64-linux-gnu/libpython2.7.so (ver 2.7.17)
    numpy:                       /usr/lib/python2.7/dist-packages/numpy/core/include (ver 1.13.3)
    install path:                lib/python2.7/dist-packages/cv2/python-2.7

  Python 3:
    Interpreter:                 /usr/bin/python3 (ver 3.6.9)
    Libraries:                   /usr/lib/aarch64-linux-gnu/libpython3.6m.so (ver 3.6.9)
    numpy:                       /usr/lib/python3/dist-packages/numpy/core/include (ver 1.13.3)
    install path:                lib/python3.6/dist-packages/cv2/python-3.6

  Python (for build):            /usr/bin/python2.7

  Java:                          
    ant:                         NO
    JNI:                         NO
    Java wrappers:               NO
    Java tests:                  NO

  Install to:                    /usr/local
-----------------------------------------------------------------


('number of CUDA-devices: ', 1)
vc-forecr@nvidia-xavier-nx:~/ximea-opencv/venv02/temp$ /usr/bin/python3 check.py

General configuration for OpenCV 4.6.0 =====================================
  Version control:               4.6.0-dirty

  Platform:
    Timestamp:                   2022-06-07T12:50:51Z
    Host:                        Linux 4.9.140-tegra aarch64
    CMake:                       3.22.5
    CMake generator:             Unix Makefiles
    CMake build tool:            /bin/gmake
    Configuration:               Release

  CPU/HW features:
    Baseline:                    NEON FP16

  C/C++:
    Built as dynamic libs?:      NO
    C++ standard:                11
    C++ Compiler:                /opt/rh/devtoolset-10/root/usr/bin/c++  (ver 10.2.1)
    C++ flags (Release):         -Wl,-strip-all   -fsigned-char -W -Wall -Wreturn-type -Wnon-virtual-dtor -Waddress -Wsequence-point -Wformat -Wformat-security -Wmissing-declarations -Wundef -Winit-self -Wpointer-arith -Wshadow -Wsign-promo -Wuninitialized -Wsuggest-override -Wno-delete-non-virtual-dtor -Wno-comment -Wimplicit-fallthrough=3 -Wno-strict-overflow -fdiagnostics-show-option -pthread -fomit-frame-pointer -ffunction-sections -fdata-sections    -fvisibility=hidden -fvisibility-inlines-hidden -O3 -DNDEBUG  -DNDEBUG
    C++ flags (Debug):           -Wl,-strip-all   -fsigned-char -W -Wall -Wreturn-type -Wnon-virtual-dtor -Waddress -Wsequence-point -Wformat -Wformat-security -Wmissing-declarations -Wundef -Winit-self -Wpointer-arith -Wshadow -Wsign-promo -Wuninitialized -Wsuggest-override -Wno-delete-non-virtual-dtor -Wno-comment -Wimplicit-fallthrough=3 -Wno-strict-overflow -fdiagnostics-show-option -pthread -fomit-frame-pointer -ffunction-sections -fdata-sections    -fvisibility=hidden -fvisibility-inlines-hidden -g  -O0 -DDEBUG -D_DEBUG
    C Compiler:                  /opt/rh/devtoolset-10/root/usr/bin/cc
    C flags (Release):           -Wl,-strip-all   -fsigned-char -W -Wall -Wreturn-type -Waddress -Wsequence-point -Wformat -Wformat-security -Wmissing-declarations -Wmissing-prototypes -Wstrict-prototypes -Wundef -Winit-self -Wpointer-arith -Wshadow -Wuninitialized -Wno-comment -Wimplicit-fallthrough=3 -Wno-strict-overflow -fdiagnostics-show-option -pthread -fomit-frame-pointer -ffunction-sections -fdata-sections    -fvisibility=hidden -O3 -DNDEBUG  -DNDEBUG
    C flags (Debug):             -Wl,-strip-all   -fsigned-char -W -Wall -Wreturn-type -Waddress -Wsequence-point -Wformat -Wformat-security -Wmissing-declarations -Wmissing-prototypes -Wstrict-prototypes -Wundef -Winit-self -Wpointer-arith -Wshadow -Wuninitialized -Wno-comment -Wimplicit-fallthrough=3 -Wno-strict-overflow -fdiagnostics-show-option -pthread -fomit-frame-pointer -ffunction-sections -fdata-sections    -fvisibility=hidden -g  -O0 -DDEBUG -D_DEBUG
    Linker flags (Release):      -L/root/ffmpeg_build/lib  -Wl,--gc-sections -Wl,--as-needed -Wl,--no-undefined  
    Linker flags (Debug):        -L/root/ffmpeg_build/lib  -Wl,--gc-sections -Wl,--as-needed -Wl,--no-undefined  
    ccache:                      YES
    Precompiled headers:         NO
    Extra dependencies:          /lib64/libopenblas.so Qt5::Core Qt5::Gui Qt5::Widgets Qt5::Test Qt5::Concurrent /usr/local/lib/libpng.so /lib64/libz.so dl m pthread rt
    3rdparty dependencies:       libprotobuf ade ittnotify libjpeg-turbo libwebp libtiff libopenjp2 IlmImf quirc tegra_hal

  OpenCV modules:
    To be built:                 calib3d core dnn features2d flann gapi highgui imgcodecs imgproc ml objdetect photo python3 stitching video videoio
    Disabled:                    world
    Disabled by dependency:      -
    Unavailable:                 java python2 ts
    Applications:                -
    Documentation:               NO
    Non-free algorithms:         NO

  GUI:                           QT5
    QT:                          YES (ver 5.15.0 )
      QT OpenGL support:         NO
    GTK+:                        NO
    VTK support:                 NO

  Media I/O: 
    ZLib:                        /lib64/libz.so (ver 1.2.7)
    JPEG:                        libjpeg-turbo (ver 2.1.2-62)
    WEBP:                        build (ver encoder: 0x020f)
    PNG:                         /usr/local/lib/libpng.so (ver 1.6.37)
    TIFF:                        build (ver 42 - 4.2.0)
    JPEG 2000:                   build (ver 2.4.0)
    OpenEXR:                     build (ver 2.3.0)
    HDR:                         YES
    SUNRASTER:                   YES
    PXM:                         YES
    PFM:                         YES

  Video I/O:
    DC1394:                      NO
    FFMPEG:                      YES
      avcodec:                   YES (58.134.100)
      avformat:                  YES (58.76.100)
      avutil:                    YES (56.70.100)
      swscale:                   YES (5.9.100)
      avresample:                NO
    GStreamer:                   NO
    v4l/v4l2:                    YES (linux/videodev2.h)

  Parallel framework:            pthreads

  Trace:                         YES (with Intel ITT)

  Other third-party libraries:
    Lapack:                      YES (/lib64/libopenblas.so)
    Eigen:                       NO
    Custom HAL:                  YES (carotene (ver 0.0.1))
    Protobuf:                    build (3.19.1)

  OpenCL:                        YES (no extra features)
    Include path:                /io/opencv/3rdparty/include/opencl/1.2
    Link libraries:              Dynamic load

  Python 3:
    Interpreter:                 /opt/python/cp36-cp36m/bin/python3.6 (ver 3.6.15)
    Libraries:                   libpython3.6m.a (ver 3.6.15)
    numpy:                       /opt/python/cp36-cp36m/lib/python3.6/site-packages/numpy/core/include (ver 1.19.3)
    install path:                python/cv2/python-3

  Python (for build):            /bin/python2.7

  Java:                          
    ant:                         NO
    JNI:                         NO
    Java wrappers:               NO
    Java tests:                  NO

  Install to:                    /io/_skbuild/linux-aarch64-3.6/cmake-install
-----------------------------------------------------------------


number of CUDA-devices:  0
vc-forecr@nvidia-xavier-nx:~/ximea-opencv/venv02/temp$ /usr/bin/python2 check.py

General configuration for OpenCV 4.4.0 =====================================
  Version control:               unknown

  Extra modules:
    Location (extra):            /home/nvidia/opencv_contrib-4.4.0/modules
    Version control (extra):     unknown

  Platform:
    Timestamp:                   2021-09-24T11:02:52Z
    Host:                        Linux 4.9.253-tegra aarch64
    CMake:                       3.10.2
    CMake generator:             Unix Makefiles
    CMake build tool:            /usr/bin/make
    Configuration:               RELEASE

  CPU/HW features:
    Baseline:                    NEON FP16
      required:                  NEON
      disabled:                  VFPV3

  C/C++:
    Built as dynamic libs?:      YES
    C++ standard:                11
    C++ Compiler:                /usr/bin/c++  (ver 7.5.0)
    C++ flags (Release):         -fsigned-char -W -Wall -Werror=return-type -Werror=non-virtual-dtor -Werror=address -Werror=sequence-point -Wformat -Werror=format-security -Wmissing-declarations -Wundef -Winit-self -Wpointer-arith -Wshadow -Wsign-promo -Wuninitialized -Winit-self -Wsuggest-override -Wno-delete-non-virtual-dtor -Wno-comment -Wimplicit-fallthrough=3 -Wno-strict-overflow -fdiagnostics-show-option -pthread -fomit-frame-pointer -ffunction-sections -fdata-sections    -fvisibility=hidden -fvisibility-inlines-hidden -O3 -DNDEBUG  -DNDEBUG
    C++ flags (Debug):           -fsigned-char -W -Wall -Werror=return-type -Werror=non-virtual-dtor -Werror=address -Werror=sequence-point -Wformat -Werror=format-security -Wmissing-declarations -Wundef -Winit-self -Wpointer-arith -Wshadow -Wsign-promo -Wuninitialized -Winit-self -Wsuggest-override -Wno-delete-non-virtual-dtor -Wno-comment -Wimplicit-fallthrough=3 -Wno-strict-overflow -fdiagnostics-show-option -pthread -fomit-frame-pointer -ffunction-sections -fdata-sections    -fvisibility=hidden -fvisibility-inlines-hidden -g  -O0 -DDEBUG -D_DEBUG
    C Compiler:                  /usr/bin/cc
    C flags (Release):           -fsigned-char -W -Wall -Werror=return-type -Werror=address -Werror=sequence-point -Wformat -Werror=format-security -Wmissing-declarations -Wmissing-prototypes -Wstrict-prototypes -Wundef -Winit-self -Wpointer-arith -Wshadow -Wuninitialized -Winit-self -Wno-comment -Wimplicit-fallthrough=3 -Wno-strict-overflow -fdiagnostics-show-option -pthread -fomit-frame-pointer -ffunction-sections -fdata-sections    -fvisibility=hidden -O3 -DNDEBUG  -DNDEBUG
    C flags (Debug):             -fsigned-char -W -Wall -Werror=return-type -Werror=address -Werror=sequence-point -Wformat -Werror=format-security -Wmissing-declarations -Wmissing-prototypes -Wstrict-prototypes -Wundef -Winit-self -Wpointer-arith -Wshadow -Wuninitialized -Winit-self -Wno-comment -Wimplicit-fallthrough=3 -Wno-strict-overflow -fdiagnostics-show-option -pthread -fomit-frame-pointer -ffunction-sections -fdata-sections    -fvisibility=hidden -g  -O0 -DDEBUG -D_DEBUG
    Linker flags (Release):      -Wl,--gc-sections -Wl,--as-needed  
    Linker flags (Debug):        -Wl,--gc-sections -Wl,--as-needed  
    ccache:                      NO
    Precompiled headers:         NO
    Extra dependencies:          m pthread cudart_static -lpthread dl rt nppc nppial nppicc nppicom nppidei nppif nppig nppim nppist nppisu nppitc npps cublas cudnn cufft -L/usr/local/cuda-10.2/lib64 -L/usr/lib/aarch64-linux-gnu
    3rdparty dependencies:

  OpenCV modules:
    To be built:                 alphamat aruco bgsegm bioinspired calib3d ccalib core cudaarithm cudabgsegm cudacodec cudafeatures2d cudafilters cudaimgproc cudalegacy cudaobjdetect cudaoptflow cudastereo cudawarping cudev datasets dnn dnn_objdetect dnn_superres dpm face features2d flann freetype fuzzy gapi hdf hfs highgui img_hash imgcodecs imgproc intensity_transform line_descriptor ml objdetect optflow phase_unwrapping photo plot python2 python3 quality rapid reg rgbd saliency shape stereo stitching structured_light superres surface_matching text tracking video videoio videostab xfeatures2d ximgproc xobjdetect xphoto
    Disabled:                    sfm world
    Disabled by dependency:      -
    Unavailable:                 cnn_3dobj cvv java js julia matlab ovis ts viz
    Applications:                apps
    Documentation:               NO
    Non-free algorithms:         NO

  GUI: 
    GTK+:                        YES (ver 3.22.30)
      GThread :                  YES (ver 2.56.4)
      GtkGlExt:                  NO
    VTK support:                 NO

  Media I/O: 
    ZLib:                        /usr/lib/aarch64-linux-gnu/libz.so (ver 1.2.11)
    JPEG:                        /usr/lib/aarch64-linux-gnu/libjpeg.so (ver 80)
    WEBP:                        build (ver encoder: 0x020f)
    PNG:                         /usr/lib/aarch64-linux-gnu/libpng.so (ver 1.6.34)
    TIFF:                        /usr/lib/aarch64-linux-gnu/libtiff.so (ver 42 / 4.0.9)
    JPEG 2000:                   build Jasper (ver 1.900.1)
    OpenEXR:                     build (ver 2.3.0)
    HDR:                         YES
    SUNRASTER:                   YES
    PXM:                         YES
    PFM:                         YES

  Video I/O:
    DC1394:                      YES (2.2.5)
    FFMPEG:                      YES
      avcodec:                   YES (57.107.100)
      avformat:                  YES (57.83.100)
      avutil:                    YES (55.78.100)
      swscale:                   YES (4.8.100)
      avresample:                YES (3.7.0)
    GStreamer:                   YES (1.14.5)
    v4l/v4l2:                    YES (linux/videodev2.h)

  Parallel framework:            pthreads

  Trace:                         YES (with Intel ITT)

  Other third-party libraries:
    Lapack:                      NO
    Eigen:                       YES (ver 3.3.4)
    Custom HAL:                  YES (carotene (ver 0.0.1))
    Protobuf:                    build (3.5.1)

  NVIDIA CUDA:                   YES (ver 10.2, CUFFT CUBLAS)
    NVIDIA GPU arch:             53 62 72
    NVIDIA PTX archs:

  cuDNN:                         YES (ver 8.2.1)

  OpenCL:                        YES (no extra features)
    Include path:                /home/nvidia/opencv-4.4.0/3rdparty/include/opencl/1.2
    Link libraries:              Dynamic load

  Python 2:
    Interpreter:                 /usr/bin/python2.7 (ver 2.7.17)
    Libraries:                   /usr/lib/aarch64-linux-gnu/libpython2.7.so (ver 2.7.17)
    numpy:                       /usr/lib/python2.7/dist-packages/numpy/core/include (ver 1.13.3)
    install path:                lib/python2.7/dist-packages/cv2/python-2.7

  Python 3:
    Interpreter:                 /usr/bin/python3 (ver 3.6.9)
    Libraries:                   /usr/lib/aarch64-linux-gnu/libpython3.6m.so (ver 3.6.9)
    numpy:                       /usr/lib/python3/dist-packages/numpy/core/include (ver 1.13.3)
    install path:                lib/python3.6/dist-packages/cv2/python-3.6

  Python (for build):            /usr/bin/python2.7

  Java:                          
    ant:                         NO
    JNI:                         NO
    Java wrappers:               NO
    Java tests:                  NO

  Install to:                    /usr/local
-----------------------------------------------------------------


('number of CUDA-devices: ', 1)
vc-forecr@nvidia-xavier-nx:~/ximea-opencv/venv02/temp$ 
vc-forecr@nvidia-xavier-nx:~/ximea-opencv/venv02/temp$ 